# JRE version: OpenJDK Runtime Environment Microsoft-10376486 (17.0.13+11) (build 17.0.13+11-LTS)
# Java VM: OpenJDK 64-Bit Server VM Microsoft-10376486 (17.0.13+11-LTS, mixed mode, sharing, tiered, compressed oops, compressed class ptrs, g1 gc, windows-amd64)
GC Precious Log:
 CPUs: 12 total, 12 available
 Memory: 16309M
 Large Page Support: Disabled
 NUMA Support: Disabled
 Compressed Oops: Enabled (32-bit)
 Heap Region Size: 1M
 Heap Min Capacity: 8M
 Heap Initial Capacity: 256M
 Heap Max Capacity: 2G
 Pre-touch: Disabled
 Parallel Workers: 10
 Concurrent Workers: 3
 Concurrent Refinement Workers: 10
 Periodic GC: Disabled
Heap:
 garbage-first heap   total 107520K, used 74216K [0x0000000080000000, 0x0000000100000000)
  region size 1024K, 14 young (14336K), 4 survivors (4096K)
 Metaspace       used 66878K, committed 67712K, reserved 491520K
  class space    used 9446K, committed 9856K, reserved 425984K
GC Heap History (20 events):
Event: 5.596 GC heap before
{Heap before GC invocations=20 (full 0):
 garbage-first heap   total 86016K, used 68998K [0x0000000080000000, 0x0000000100000000)
  region size 1024K, 24 young (24576K), 1 survivors (1024K)
 Metaspace       used 54644K, committed 55232K, reserved 491520K
  class space    used 7723K, committed 8000K, reserved 425984K
}
Event: 5.598 GC heap after
{Heap after GC invocations=21 (full 0):
 garbage-first heap   total 103424K, used 49072K [0x0000000080000000, 0x0000000100000000)
  region size 1024K, 3 young (3072K), 3 survivors (3072K)
 Metaspace       used 54644K, committed 55232K, reserved 491520K
  class space    used 7723K, committed 8000K, reserved 425984K
}
Event: 5.970 GC heap before
{Heap before GC invocations=22 (full 0):
 garbage-first heap   total 103424K, used 87984K [0x0000000080000000, 0x0000000100000000)
  region size 1024K, 35 young (35840K), 3 survivors (3072K)
 Metaspace       used 56587K, committed 57344K, reserved 491520K
  class space    used 7970K, committed 8320K, reserved 425984K
}
Event: 5.972 GC heap after
{Heap after GC invocations=23 (full 0):
 garbage-first heap   total 103424K, used 58120K [0x0000000080000000, 0x0000000100000000)
  region size 1024K, 5 young (5120K), 5 survivors (5120K)
 Metaspace       used 56587K, committed 57344K, reserved 491520K
  class space    used 7970K, committed 8320K, reserved 425984K
}
Event: 5.982 GC heap before
{Heap before GC invocations=23 (full 0):
 garbage-first heap   total 103424K, used 59144K [0x0000000080000000, 0x0000000100000000)
  region size 1024K, 6 young (6144K), 5 survivors (5120K)
 Metaspace       used 56654K, committed 57408K, reserved 491520K
  class space    used 7980K, committed 8320K, reserved 425984K
}
Event: 5.984 GC heap after
{Heap after GC invocations=24 (full 0):
 garbage-first heap   total 103424K, used 57889K [0x0000000080000000, 0x0000000100000000)
  region size 1024K, 1 young (1024K), 1 survivors (1024K)
 Metaspace       used 56654K, committed 57408K, reserved 491520K
  class space    used 7980K, committed 8320K, reserved 425984K
}
Event: 6.247 GC heap before
{Heap before GC invocations=24 (full 0):
 garbage-first heap   total 103424K, used 82465K [0x0000000080000000, 0x0000000100000000)
  region size 1024K, 25 young (25600K), 1 survivors (1024K)
 Metaspace       used 59044K, committed 59776K, reserved 491520K
  class space    used 8301K, committed 8640K, reserved 425984K
}
Event: 6.248 GC heap after
{Heap after GC invocations=25 (full 0):
 garbage-first heap   total 103424K, used 58594K [0x0000000080000000, 0x0000000100000000)
  region size 1024K, 2 young (2048K), 2 survivors (2048K)
 Metaspace       used 59044K, committed 59776K, reserved 491520K
  class space    used 8301K, committed 8640K, reserved 425984K
}
Event: 6.435 GC heap before
{Heap before GC invocations=26 (full 0):
 garbage-first heap   total 106496K, used 83170K [0x0000000080000000, 0x0000000100000000)
  region size 1024K, 26 young (26624K), 2 survivors (2048K)
 Metaspace       used 60639K, committed 61376K, reserved 491520K
  class space    used 8494K, committed 8832K, reserved 425984K
}
Event: 6.437 GC heap after
{Heap after GC invocations=27 (full 0):
 garbage-first heap   total 106496K, used 59348K [0x0000000080000000, 0x0000000100000000)
  region size 1024K, 2 young (2048K), 2 survivors (2048K)
 Metaspace       used 60639K, committed 61376K, reserved 491520K
  class space    used 8494K, committed 8832K, reserved 425984K
}
Event: 6.454 GC heap before
{Heap before GC invocations=27 (full 0):
 garbage-first heap   total 106496K, used 62420K [0x0000000080000000, 0x0000000100000000)
  region size 1024K, 5 young (5120K), 2 survivors (2048K)
 Metaspace       used 60822K, committed 61504K, reserved 491520K
  class space    used 8523K, committed 8832K, reserved 425984K
}
Event: 6.456 GC heap after
{Heap after GC invocations=28 (full 0):
 garbage-first heap   total 106496K, used 59192K [0x0000000080000000, 0x0000000100000000)
  region size 1024K, 1 young (1024K), 1 survivors (1024K)
 Metaspace       used 60822K, committed 61504K, reserved 491520K
  class space    used 8523K, committed 8832K, reserved 425984K
}
Event: 6.728 GC heap before
{Heap before GC invocations=28 (full 0):
 garbage-first heap   total 106496K, used 85816K [0x0000000080000000, 0x0000000100000000)
  region size 1024K, 28 young (28672K), 1 survivors (1024K)
 Metaspace       used 63377K, committed 64128K, reserved 491520K
  class space    used 8943K, committed 9280K, reserved 425984K
}
Event: 6.730 GC heap after
{Heap after GC invocations=29 (full 0):
 garbage-first heap   total 106496K, used 59952K [0x0000000080000000, 0x0000000100000000)
  region size 1024K, 2 young (2048K), 2 survivors (2048K)
 Metaspace       used 63377K, committed 64128K, reserved 491520K
  class space    used 8943K, committed 9280K, reserved 425984K
}
Event: 6.939 GC heap before
{Heap before GC invocations=30 (full 0):
 garbage-first heap   total 107520K, used 87600K [0x0000000080000000, 0x0000000100000000)
  region size 1024K, 29 young (29696K), 2 survivors (2048K)
 Metaspace       used 64873K, committed 65664K, reserved 491520K
  class space    used 9160K, committed 9536K, reserved 425984K
}
Event: 6.940 GC heap after
{Heap after GC invocations=31 (full 0):
 garbage-first heap   total 107520K, used 60660K [0x0000000080000000, 0x0000000100000000)
  region size 1024K, 2 young (2048K), 2 survivors (2048K)
 Metaspace       used 64873K, committed 65664K, reserved 491520K
  class space    used 9160K, committed 9536K, reserved 425984K
}
Event: 6.965 GC heap before
{Heap before GC invocations=31 (full 0):
 garbage-first heap   total 107520K, used 63732K [0x0000000080000000, 0x0000000100000000)
  region size 1024K, 5 young (5120K), 2 survivors (2048K)
 Metaspace       used 64948K, committed 65728K, reserved 491520K
  class space    used 9177K, committed 9536K, reserved 425984K
}
Event: 6.967 GC heap after
{Heap after GC invocations=32 (full 0):
 garbage-first heap   total 107520K, used 60678K [0x0000000080000000, 0x0000000100000000)
  region size 1024K, 1 young (1024K), 1 survivors (1024K)
 Metaspace       used 64948K, committed 65728K, reserved 491520K
  class space    used 9177K, committed 9536K, reserved 425984K
}
Event: 7.195 GC heap before
{Heap before GC invocations=32 (full 0):
 garbage-first heap   total 107520K, used 88326K [0x0000000080000000, 0x0000000100000000)
  region size 1024K, 29 young (29696K), 1 survivors (1024K)
 Metaspace       used 65921K, committed 66816K, reserved 491520K
  class space    used 9320K, committed 9728K, reserved 425984K
}
Event: 7.197 GC heap after
{Heap after GC invocations=33 (full 0):
 garbage-first heap   total 107520K, used 63358K [0x0000000080000000, 0x0000000100000000)
  region size 1024K, 4 young (4096K), 4 survivors (4096K)
 Metaspace       used 65921K, committed 66816K, reserved 491520K
  class space    used 9320K, committed 9728K, reserved 425984K
}

